[debug] [2023-06-24T16:43:50.294Z] ----------------------------------------------------------------------
[debug] [2023-06-24T16:43:50.297Z] Command:       /snap/node/7581/bin/node /usr/local/bin/firebase deploy
[debug] [2023-06-24T16:43:50.297Z] CLI Version:   12.0.0
[debug] [2023-06-24T16:43:50.297Z] Platform:      linux
[debug] [2023-06-24T16:43:50.298Z] Node Version:  v16.20.1
[debug] [2023-06-24T16:43:50.298Z] Time:          Sat Jun 24 2023 18:43:50 GMT+0200 (Central Africa Time)
[debug] [2023-06-24T16:43:50.298Z] ----------------------------------------------------------------------
[debug] 
[debug] [2023-06-24T16:43:50.380Z] > command requires scopes: ["email","openid","https://www.googleapis.com/auth/cloudplatformprojects.readonly","https://www.googleapis.com/auth/firebase","https://www.googleapis.com/auth/cloud-platform"]
[debug] [2023-06-24T16:43:50.381Z] > authorizing via signed-in user (visionisprimary@gmail.com)
[debug] [2023-06-24T16:43:50.381Z] [iam] checking project digitaldatatreeglobal for permissions ["datastore.indexes.create","datastore.indexes.delete","datastore.indexes.list","datastore.indexes.update","firebase.projects.get","firebasehosting.sites.update","firebaserules.releases.create","firebaserules.releases.update","firebaserules.rulesets.create"]
[debug] [2023-06-24T16:43:50.383Z] > refreshing access token with scopes: []
[debug] [2023-06-24T16:43:50.385Z] >>> [apiv2][query] POST https://www.googleapis.com/oauth2/v3/token [none]
[debug] [2023-06-24T16:43:50.385Z] >>> [apiv2][body] POST https://www.googleapis.com/oauth2/v3/token [omitted]
[debug] [2023-06-24T16:43:50.875Z] <<< [apiv2][status] POST https://www.googleapis.com/oauth2/v3/token 200
[debug] [2023-06-24T16:43:50.875Z] <<< [apiv2][body] POST https://www.googleapis.com/oauth2/v3/token [omitted]
[debug] [2023-06-24T16:43:50.974Z] >>> [apiv2][query] POST https://cloudresourcemanager.googleapis.com/v1/projects/digitaldatatreeglobal:testIamPermissions [none]
[debug] [2023-06-24T16:43:50.975Z] >>> [apiv2][(partial)header] POST https://cloudresourcemanager.googleapis.com/v1/projects/digitaldatatreeglobal:testIamPermissions x-goog-quota-user=projects/digitaldatatreeglobal
[debug] [2023-06-24T16:43:50.976Z] >>> [apiv2][body] POST https://cloudresourcemanager.googleapis.com/v1/projects/digitaldatatreeglobal:testIamPermissions {"permissions":["datastore.indexes.create","datastore.indexes.delete","datastore.indexes.list","datastore.indexes.update","firebase.projects.get","firebasehosting.sites.update","firebaserules.releases.create","firebaserules.releases.update","firebaserules.rulesets.create"]}
[debug] [2023-06-24T16:43:53.032Z] <<< [apiv2][status] POST https://cloudresourcemanager.googleapis.com/v1/projects/digitaldatatreeglobal:testIamPermissions 200
[debug] [2023-06-24T16:43:53.033Z] <<< [apiv2][body] POST https://cloudresourcemanager.googleapis.com/v1/projects/digitaldatatreeglobal:testIamPermissions {"permissions":["datastore.indexes.create","datastore.indexes.delete","datastore.indexes.list","datastore.indexes.update","firebase.projects.get","firebasehosting.sites.update","firebaserules.releases.create","firebaserules.releases.update","firebaserules.rulesets.create"]}
[debug] [2023-06-24T16:43:53.037Z] >>> [apiv2][query] GET https://firebase.googleapis.com/v1beta1/projects/digitaldatatreeglobal [none]
[debug] [2023-06-24T16:43:53.674Z] <<< [apiv2][status] GET https://firebase.googleapis.com/v1beta1/projects/digitaldatatreeglobal 200
[debug] [2023-06-24T16:43:53.675Z] <<< [apiv2][body] GET https://firebase.googleapis.com/v1beta1/projects/digitaldatatreeglobal {"projectId":"digitaldatatreeglobal","projectNumber":"385959227937","displayName":"digitaldatatree","name":"projects/digitaldatatreeglobal","resources":{"hostingSite":"digitaldatatreeglobal","storageBucket":"digitaldatatreeglobal.appspot.com","locationId":"europe-west2"},"state":"ACTIVE","etag":"1_2200f6eb-166f-4793-bd6d-1a3a20a74d3c"}
[info] 
[info] === Deploying to 'digitaldatatreeglobal'...
[info] 
[info] i  deploying storage, firestore, hosting 
[debug] [2023-06-24T16:43:53.685Z] >>> [apiv2][query] GET https://appengine.googleapis.com/v1/apps/digitaldatatreeglobal [none]
[debug] [2023-06-24T16:43:55.179Z] <<< [apiv2][status] GET https://appengine.googleapis.com/v1/apps/digitaldatatreeglobal 200
[debug] [2023-06-24T16:43:55.180Z] <<< [apiv2][body] GET https://appengine.googleapis.com/v1/apps/digitaldatatreeglobal {"name":"apps/digitaldatatreeglobal","id":"digitaldatatreeglobal","authDomain":"gmail.com","locationId":"europe-west2","codeBucket":"staging.digitaldatatreeglobal.appspot.com","servingStatus":"SERVING","defaultHostname":"digitaldatatreeglobal.nw.r.appspot.com","defaultBucket":"digitaldatatreeglobal.appspot.com","serviceAccount":"digitaldatatreeglobal@appspot.gserviceaccount.com","gcrDomain":"eu.gcr.io","databaseType":"CLOUD_FIRESTORE","featureSettings":{"splitHealthChecks":true,"useContainerOptimizedOs":true}}
[info] i  firebase.storage: checking storage.rules for compilation errors... 
[debug] [2023-06-24T16:43:55.185Z] >>> [apiv2][query] POST https://firebaserules.googleapis.com/v1/projects/digitaldatatreeglobal:test [none]
[debug] [2023-06-24T16:43:55.185Z] >>> [apiv2][body] POST https://firebaserules.googleapis.com/v1/projects/digitaldatatreeglobal:test [omitted]
[debug] [2023-06-24T16:43:56.442Z] <<< [apiv2][status] POST https://firebaserules.googleapis.com/v1/projects/digitaldatatreeglobal:test 200
[debug] [2023-06-24T16:43:56.443Z] <<< [apiv2][body] POST https://firebaserules.googleapis.com/v1/projects/digitaldatatreeglobal:test {}
[info] ✔  firebase.storage: rules file storage.rules compiled successfully 
[info] i  firestore: reading indexes from firestore.indexes.json... 
[info] i  cloud.firestore: checking firestore.rules for compilation errors... 
[debug] [2023-06-24T16:43:56.448Z] >>> [apiv2][query] POST https://firebaserules.googleapis.com/v1/projects/digitaldatatreeglobal:test [none]
[debug] [2023-06-24T16:43:56.448Z] >>> [apiv2][body] POST https://firebaserules.googleapis.com/v1/projects/digitaldatatreeglobal:test [omitted]
[debug] [2023-06-24T16:43:57.051Z] <<< [apiv2][status] POST https://firebaserules.googleapis.com/v1/projects/digitaldatatreeglobal:test 200
[debug] [2023-06-24T16:43:57.051Z] <<< [apiv2][body] POST https://firebaserules.googleapis.com/v1/projects/digitaldatatreeglobal:test {}
[info] ✔  cloud.firestore: rules file firestore.rules compiled successfully 
[debug] [2023-06-24T16:43:57.062Z] >>> [apiv2][query] POST https://firebasehosting.googleapis.com/v1beta1/projects/-/sites/digitaldatatreeglobal/versions [none]
[debug] [2023-06-24T16:43:57.062Z] >>> [apiv2][body] POST https://firebasehosting.googleapis.com/v1beta1/projects/-/sites/digitaldatatreeglobal/versions {"status":"CREATED","labels":{"deployment-tool":"cli-firebase"}}
[debug] [2023-06-24T16:43:59.595Z] <<< [apiv2][status] POST https://firebasehosting.googleapis.com/v1beta1/projects/-/sites/digitaldatatreeglobal/versions 200
[debug] [2023-06-24T16:43:59.596Z] <<< [apiv2][body] POST https://firebasehosting.googleapis.com/v1beta1/projects/-/sites/digitaldatatreeglobal/versions {"name":"projects/385959227937/sites/digitaldatatreeglobal/versions/a9dcf6ef8b934f15","status":"CREATED","config":{},"labels":{"deployment-tool":"cli-firebase"}}
[debug] [2023-06-24T16:43:59.599Z] >>> [apiv2][query] GET https://firebaserules.googleapis.com/v1/projects/digitaldatatreeglobal/releases pageSize=10&pageToken=
[debug] [2023-06-24T16:44:00.209Z] <<< [apiv2][status] GET https://firebaserules.googleapis.com/v1/projects/digitaldatatreeglobal/releases 200
[debug] [2023-06-24T16:44:00.210Z] <<< [apiv2][body] GET https://firebaserules.googleapis.com/v1/projects/digitaldatatreeglobal/releases {"releases":[{"name":"projects/digitaldatatreeglobal/releases/cloud.firestore","rulesetName":"projects/digitaldatatreeglobal/rulesets/5174df95-f54e-4554-b003-bc7ffc0caff1","createTime":"2023-04-26T14:41:34.282515Z","updateTime":"2023-06-24T15:55:08.856696Z"},{"name":"projects/digitaldatatreeglobal/releases/firebase.storage/digitaldatatreeglobal.appspot.com","rulesetName":"projects/digitaldatatreeglobal/rulesets/9243ceb1-37a0-439d-880b-27b2728bc803","createTime":"2023-05-25T13:44:54.122059Z","updateTime":"2023-06-24T15:55:07.679768Z"}]}
[debug] [2023-06-24T16:44:00.243Z] >>> [apiv2][query] GET https://firebaserules.googleapis.com/v1/projects/digitaldatatreeglobal/rulesets/9243ceb1-37a0-439d-880b-27b2728bc803 [none]
[debug] [2023-06-24T16:44:01.287Z] <<< [apiv2][status] GET https://firebaserules.googleapis.com/v1/projects/digitaldatatreeglobal/rulesets/9243ceb1-37a0-439d-880b-27b2728bc803 200
[debug] [2023-06-24T16:44:01.287Z] <<< [apiv2][body] GET https://firebaserules.googleapis.com/v1/projects/digitaldatatreeglobal/rulesets/9243ceb1-37a0-439d-880b-27b2728bc803 [omitted]
[info] i  storage: latest version of storage.rules already up to date, skipping upload... 
[info] i  firestore: deploying indexes... 
[debug] [2023-06-24T16:44:01.294Z] >>> [apiv2][query] GET https://firebaserules.googleapis.com/v1/projects/digitaldatatreeglobal/releases pageSize=10&pageToken=
[debug] [2023-06-24T16:44:01.298Z] >>> [apiv2][query] GET https://firestore.googleapis.com/v1/projects/digitaldatatreeglobal/databases/(default)/collectionGroups/-/indexes [none]
[debug] [2023-06-24T16:44:02.340Z] <<< [apiv2][status] GET https://firebaserules.googleapis.com/v1/projects/digitaldatatreeglobal/releases 200
[debug] [2023-06-24T16:44:02.340Z] <<< [apiv2][body] GET https://firebaserules.googleapis.com/v1/projects/digitaldatatreeglobal/releases {"releases":[{"name":"projects/digitaldatatreeglobal/releases/cloud.firestore","rulesetName":"projects/digitaldatatreeglobal/rulesets/5174df95-f54e-4554-b003-bc7ffc0caff1","createTime":"2023-04-26T14:41:34.282515Z","updateTime":"2023-06-24T15:55:08.856696Z"},{"name":"projects/digitaldatatreeglobal/releases/firebase.storage/digitaldatatreeglobal.appspot.com","rulesetName":"projects/digitaldatatreeglobal/rulesets/9243ceb1-37a0-439d-880b-27b2728bc803","createTime":"2023-05-25T13:44:54.122059Z","updateTime":"2023-06-24T15:55:07.679768Z"}]}
[debug] [2023-06-24T16:44:02.341Z] >>> [apiv2][query] GET https://firebaserules.googleapis.com/v1/projects/digitaldatatreeglobal/rulesets/5174df95-f54e-4554-b003-bc7ffc0caff1 [none]
[debug] [2023-06-24T16:44:02.622Z] <<< [apiv2][status] GET https://firestore.googleapis.com/v1/projects/digitaldatatreeglobal/databases/(default)/collectionGroups/-/indexes 200
[debug] [2023-06-24T16:44:02.622Z] <<< [apiv2][body] GET https://firestore.googleapis.com/v1/projects/digitaldatatreeglobal/databases/(default)/collectionGroups/-/indexes {"indexes":[{"name":"projects/digitaldatatreeglobal/databases/(default)/collectionGroups/crm_tasks/indexes/CICAgOjXh4EK","queryScope":"COLLECTION","fields":[{"fieldPath":"adminId","order":"ASCENDING"},{"fieldPath":"date","order":"DESCENDING"},{"fieldPath":"__name__","order":"DESCENDING"}],"state":"READY"}]}
[debug] [2023-06-24T16:44:02.623Z] >>> [apiv2][query] GET https://firestore.googleapis.com/v1/projects/digitaldatatreeglobal/databases/(default)/collectionGroups/-/fields?filter=indexConfig.usesAncestorConfig=false OR ttlConfig:* [none]
[debug] [2023-06-24T16:44:03.389Z] <<< [apiv2][status] GET https://firebaserules.googleapis.com/v1/projects/digitaldatatreeglobal/rulesets/5174df95-f54e-4554-b003-bc7ffc0caff1 200
[debug] [2023-06-24T16:44:03.389Z] <<< [apiv2][body] GET https://firebaserules.googleapis.com/v1/projects/digitaldatatreeglobal/rulesets/5174df95-f54e-4554-b003-bc7ffc0caff1 [omitted]
[info] i  firestore: latest version of firestore.rules already up to date, skipping upload... 
[debug] [2023-06-24T16:44:03.907Z] <<< [apiv2][status] GET https://firestore.googleapis.com/v1/projects/digitaldatatreeglobal/databases/(default)/collectionGroups/-/fields?filter=indexConfig.usesAncestorConfig=false OR ttlConfig:* 200
[debug] [2023-06-24T16:44:03.907Z] <<< [apiv2][body] GET https://firestore.googleapis.com/v1/projects/digitaldatatreeglobal/databases/(default)/collectionGroups/-/fields?filter=indexConfig.usesAncestorConfig=false OR ttlConfig:* {"fields":[{"name":"projects/digitaldatatreeglobal/databases/(default)/collectionGroups/__default__/fields/*","indexConfig":{"indexes":[{"queryScope":"COLLECTION","fields":[{"fieldPath":"*","order":"ASCENDING"}],"state":"READY"},{"queryScope":"COLLECTION","fields":[{"fieldPath":"*","order":"DESCENDING"}],"state":"READY"},{"queryScope":"COLLECTION","fields":[{"fieldPath":"*","arrayConfig":"CONTAINS"}],"state":"READY"}]}}]}
[info] i  firestore: The following indexes are defined in your project but are not present in your firestore indexes file:
	(crm_tasks) -- (adminId,ASCENDING) (date,DESCENDING)  
